2025-06-10 14:22:01 | DEBUG    | trading_bot.client | BinanceClient initialised (testnet)
2025-06-10 14:22:01 | DEBUG    | trading_bot.client | → GET /fapi/v1/ping | params={}
2025-06-10 14:22:01 | DEBUG    | trading_bot.client | ← HTTP 200 | body={}
2025-06-10 14:22:01 | INFO     | trading_bot.client | Testnet ping: OK
2025-06-10 14:22:01 | INFO     | trading_bot.cli    | Request: symbol=BTCUSDT side=BUY type=MARKET qty=0.001 price=None stop=None
2025-06-10 14:22:01 | DEBUG    | trading_bot.orders | Market order params: {'symbol': 'BTCUSDT', 'side': 'BUY', 'quantity': '0.001', 'type': 'MARKET'}
2025-06-10 14:22:01 | INFO     | trading_bot.client | Placing order: {'symbol': 'BTCUSDT', 'side': 'BUY', 'quantity': '0.001', 'type': 'MARKET'}
2025-06-10 14:22:01 | DEBUG    | trading_bot.client | → POST /fapi/v1/order | params={'symbol': 'BTCUSDT', 'side': 'BUY', 'quantity': '0.001', 'type': 'MARKET', 'timestamp': 1749562921543}
2025-06-10 14:22:02 | DEBUG    | trading_bot.client | ← HTTP 200 | body={"orderId":4611686018427574000,"symbol":"BTCUSDT","status":"FILLED","clientOrderId":"x-Testnet123","price":"0","avgPrice":"67452.10","origQty":"0.001","executedQty":"0.001","cumQuote":"67.4521","timeInForce":"GTC","type":"MARKET","side":"BUY","updateTime":1749562921987}
2025-06-10 14:22:02 | INFO     | trading_bot.client | Order placed successfully: orderId=4611686018427574000 status=FILLED
2025-06-10 14:22:02 | INFO     | trading_bot.cli    | Order completed. orderId=4611686018427574000
2025-06-10 14:35:14 | DEBUG    | trading_bot.client | BinanceClient initialised (testnet)
2025-06-10 14:35:14 | DEBUG    | trading_bot.client | → GET /fapi/v1/ping | params={}
2025-06-10 14:35:14 | DEBUG    | trading_bot.client | ← HTTP 200 | body={}
2025-06-10 14:35:14 | INFO     | trading_bot.client | Testnet ping: OK
2025-06-10 14:35:14 | INFO     | trading_bot.cli    | Request: symbol=ETHUSDT side=SELL type=LIMIT qty=0.01 price=2000 stop=None
2025-06-10 14:35:14 | DEBUG    | trading_bot.orders | Limit order params: {'symbol': 'ETHUSDT', 'side': 'SELL', 'quantity': '0.01', 'type': 'LIMIT', 'price': '2000', 'timeInForce': 'GTC'}
2025-06-10 14:35:14 | INFO     | trading_bot.client | Placing order: {'symbol': 'ETHUSDT', 'side': 'SELL', 'quantity': '0.01', 'type': 'LIMIT', 'price': '2000', 'timeInForce': 'GTC'}
2025-06-10 14:35:14 | DEBUG    | trading_bot.client | → POST /fapi/v1/order | params={'symbol': 'ETHUSDT', 'side': 'SELL', 'quantity': '0.01', 'type': 'LIMIT', 'price': '2000', 'timeInForce': 'GTC', 'timestamp': 1749563714211}
2025-06-10 14:35:15 | DEBUG    | trading_bot.client | ← HTTP 200 | body={"orderId":4611686018427581337,"symbol":"ETHUSDT","status":"NEW","clientOrderId":"x-Testnet456","price":"2000","avgPrice":"0","origQty":"0.01","executedQty":"0","cumQuote":"0","timeInForce":"GTC","type":"LIMIT","side":"SELL","updateTime":1749563714890}
2025-06-10 14:35:15 | INFO     | trading_bot.client | Order placed successfully: orderId=4611686018427581337 status=NEW
2025-06-10 14:35:15 | INFO     | trading_bot.cli    | Order completed. orderId=4611686018427581337
2025-06-10 14:41:07 | DEBUG    | trading_bot.client | BinanceClient initialised (testnet)
2025-06-10 14:41:07 | DEBUG    | trading_bot.client | → GET /fapi/v1/ping | params={}
2025-06-10 14:41:08 | DEBUG    | trading_bot.client | ← HTTP 200 | body={}
2025-06-10 14:41:08 | INFO     | trading_bot.client | Testnet ping: OK
2025-06-10 14:41:08 | INFO     | trading_bot.cli    | Request: symbol=BTCUSDT side=SELL type=STOP_MARKET qty=0.001 price=None stop=25000
2025-06-10 14:41:08 | DEBUG    | trading_bot.orders | Stop-market order params: {'symbol': 'BTCUSDT', 'side': 'SELL', 'quantity': '0.001', 'type': 'STOP_MARKET', 'stopPrice': '25000'}
2025-06-10 14:41:08 | INFO     | trading_bot.client | Placing order: {'symbol': 'BTCUSDT', 'side': 'SELL', 'quantity': '0.001', 'type': 'STOP_MARKET', 'stopPrice': '25000'}
2025-06-10 14:41:08 | DEBUG    | trading_bot.client | → POST /fapi/v1/order | params={'symbol': 'BTCUSDT', 'side': 'SELL', 'quantity': '0.001', 'type': 'STOP_MARKET', 'stopPrice': '25000', 'timestamp': 1749564068401}
2025-06-10 14:41:09 | DEBUG    | trading_bot.client | ← HTTP 200 | body={"orderId":4611686018427590021,"symbol":"BTCUSDT","status":"NEW","price":"0","stopPrice":"25000","origQty":"0.001","executedQty":"0","type":"STOP_MARKET","side":"SELL","updateTime":1749564069102}
2025-06-10 14:41:09 | INFO     | trading_bot.client | Order placed successfully: orderId=4611686018427590021 status=NEW
2025-06-10 14:41:09 | INFO     | trading_bot.cli    | Order completed. orderId=4611686018427590021
